<?xml version="1.0" encoding="UTF-8"?>
<!-- Generated by org.testng.reporters.JUnitReportReporter -->
<testsuite hostname="LAPTOP-76PGCCB3" failures="0" tests="4" name="com.mytests.SauceTest" time="42.444" errors="0" timestamp="28 Sep 2022 14:22:43 GMT" skipped="0">
  <testcase classname="com.mytests.SauceTest" name="checkInventoryItemTest" time="7.672"/>
  <testcase classname="com.mytests.SauceTest" name="checkInventoryItemTest" time="12.642"/>
  <testcase classname="com.mytests.SauceTest" name="checkAddToCartButtonTest" time="15.415"/>
  <testcase classname="com.mytests.SauceTest" name="checkAddToCartButtonTest" time="6.715"/>
</testsuite> <!-- com.mytests.SauceTest -->
